  Database_with_data.cpp
  Main.cpp
C:\Users\ILYA\source\repos\CIA-data-shared-with-the-FBI-and-LSPD\Data for the KGB\Person_data.cpp(189,12): warning C4244: аргумент: преобразование "time_t" в "unsigned int", возможна потеря данных
C:\Users\ILYA\source\repos\CIA-data-shared-with-the-FBI-and-LSPD\Data for the KGB\Person_data.cpp(278,40): warning C4305: инициализация: усечение из "__int64" в "int"
C:\Users\ILYA\source\repos\CIA-data-shared-with-the-FBI-and-LSPD\Data for the KGB\Person_data.cpp(278,30): warning C4309: инициализация: усечение константного значения
C:\Users\ILYA\source\repos\CIA-data-shared-with-the-FBI-and-LSPD\Data for the KGB\Person_data.cpp(291,18): warning C4244: =: преобразование "__int64" в "int", возможна потеря данных
C:\Users\ILYA\source\repos\CIA-data-shared-with-the-FBI-and-LSPD\Data for the KGB\Person_data.cpp(294,25): warning C4244: =: преобразование "__int64" в "int", возможна потеря данных
  Management.cpp
  Manager.cpp
  Person_data.cpp
C:\Users\ILYA\source\repos\CIA-data-shared-with-the-FBI-and-LSPD\Data for the KGB\Person_data.cpp(189,12): warning C4244: аргумент: преобразование "time_t" в "unsigned int", возможна потеря данных
C:\Users\ILYA\source\repos\CIA-data-shared-with-the-FBI-and-LSPD\Data for the KGB\Person_data.cpp(278,40): warning C4305: инициализация: усечение из "__int64" в "int"
C:\Users\ILYA\source\repos\CIA-data-shared-with-the-FBI-and-LSPD\Data for the KGB\Person_data.cpp(278,30): warning C4309: инициализация: усечение константного значения
C:\Users\ILYA\source\repos\CIA-data-shared-with-the-FBI-and-LSPD\Data for the KGB\Person_data.cpp(291,18): warning C4244: =: преобразование "__int64" в "int", возможна потеря данных
C:\Users\ILYA\source\repos\CIA-data-shared-with-the-FBI-and-LSPD\Data for the KGB\Person_data.cpp(294,25): warning C4244: =: преобразование "__int64" в "int", возможна потеря данных
  Создание кода...
C:\Users\ILYA\source\repos\CIA-data-shared-with-the-FBI-and-LSPD\Data for the KGB\Person_data.cpp(390): warning C4715: namberinsurancepolicy: значение возвращается не при всех путях выполнения
C:\Users\ILYA\source\repos\CIA-data-shared-with-the-FBI-and-LSPD\Data for the KGB\Person_data.cpp(374): warning C4715: namberaccount: значение возвращается не при всех путях выполнения
C:\Users\ILYA\source\repos\CIA-data-shared-with-the-FBI-and-LSPD\Data for the KGB\Person_data.cpp(401): warning C4715: searchtelephone: значение возвращается не при всех путях выполнения
C:\Users\ILYA\source\repos\CIA-data-shared-with-the-FBI-and-LSPD\Data for the KGB\Person_data.cpp(339): warning C4715: People::getInfo: значение возвращается не при всех путях выполнения
C:\Users\ILYA\source\repos\CIA-data-shared-with-the-FBI-and-LSPD\Data for the KGB\Person_data.cpp(452): warning C4715: searchname: значение возвращается не при всех путях выполнения
C:\Users\ILYA\source\repos\CIA-data-shared-with-the-FBI-and-LSPD\Data for the KGB\Person_data.cpp(465): warning C4715: searchsurname: значение возвращается не при всех путях выполнения
C:\Users\ILYA\source\repos\CIA-data-shared-with-the-FBI-and-LSPD\Data for the KGB\Person_data.cpp(478): warning C4715: searchpatronymic: значение возвращается не при всех путях выполнения
C:\Users\ILYA\source\repos\CIA-data-shared-with-the-FBI-and-LSPD\Data for the KGB\Person_data.cpp(374): warning C4715: namberaccount: значение возвращается не при всех путях выполнения
C:\Users\ILYA\source\repos\CIA-data-shared-with-the-FBI-and-LSPD\Data for the KGB\Person_data.cpp(390): warning C4715: namberinsurancepolicy: значение возвращается не при всех путях выполнения
C:\Users\ILYA\source\repos\CIA-data-shared-with-the-FBI-and-LSPD\Data for the KGB\Person_data.cpp(401): warning C4715: searchtelephone: значение возвращается не при всех путях выполнения
C:\Users\ILYA\source\repos\CIA-data-shared-with-the-FBI-and-LSPD\Data for the KGB\Person_data.cpp(452): warning C4715: searchname: значение возвращается не при всех путях выполнения
C:\Users\ILYA\source\repos\CIA-data-shared-with-the-FBI-and-LSPD\Data for the KGB\Person_data.cpp(465): warning C4715: searchsurname: значение возвращается не при всех путях выполнения
C:\Users\ILYA\source\repos\CIA-data-shared-with-the-FBI-and-LSPD\Data for the KGB\Person_data.cpp(478): warning C4715: searchpatronymic: значение возвращается не при всех путях выполнения
C:\Users\ILYA\source\repos\CIA-data-shared-with-the-FBI-and-LSPD\Data for the KGB\Person_data.cpp(339): warning C4715: People::getInfo: значение возвращается не при всех путях выполнения
Person_data.obj : error LNK2005: "public: __cdecl People::People(class std::basic_string<char,struct std::char_traits<char>,class std::allocator<char> >,class std::basic_string<char,struct std::char_traits<char>,class std::allocator<char> >,class std::basic_string<char,struct std::char_traits<char>,class std::allocator<char> >,int,double,int,int,int,int,double,double,class std::basic_string<char,struct std::char_traits<char>,class std::allocator<char> >,class std::basic_string<char,struct std::char_traits<char>,class std::allocator<char> >)" (??0People@@QEAA@V?$basic_string@DU?$char_traits@D@std@@V?$allocator@D@2@@std@@00HNHHHHNN00@Z) уже определен в Main.obj
Person_data.obj : error LNK2005: "public: __cdecl People::People(void)" (??0People@@QEAA@XZ) уже определен в Main.obj
Person_data.obj : error LNK2005: "public: __cdecl People::~People(void)" (??1People@@QEAA@XZ) уже определен в Main.obj
Person_data.obj : error LNK2005: "class std::basic_string<char,struct std::char_traits<char>,class std::allocator<char> > __cdecl Field(void)" (?Field@@YA?AV?$basic_string@DU?$char_traits@D@std@@V?$allocator@D@2@@std@@XZ) уже определен в Main.obj
Person_data.obj : error LNK2005: "int __cdecl bankimput(class People,int)" (?bankimput@@YAHVPeople@@H@Z) уже определен в Main.obj
Person_data.obj : error LNK2005: "public: int __cdecl People::getAdditionalseries(void)" (?getAdditionalseries@People@@QEAAHXZ) уже определен в Main.obj
Person_data.obj : error LNK2005: "public: int __cdecl People::getAge(void)" (?getAge@People@@QEAAHXZ) уже определен в Main.obj
Person_data.obj : error LNK2005: "public: class std::basic_string<char,struct std::char_traits<char>,class std::allocator<char> > __cdecl People::getAlphabet(void)" (?getAlphabet@People@@QEAA?AV?$basic_string@DU?$char_traits@D@std@@V?$allocator@D@2@@std@@XZ) уже определен в Main.obj
Person_data.obj : error LNK2005: "public: class std::basic_string<char,struct std::char_traits<char>,class std::allocator<char> > __cdecl People::getBloodType(void)" (?getBloodType@People@@QEAA?AV?$basic_string@DU?$char_traits@D@std@@V?$allocator@D@2@@std@@XZ) уже определен в Main.obj
Person_data.obj : error LNK2005: "public: static int __cdecl People::getCount(void)" (?getCount@People@@SAHXZ) уже определен в Main.obj
Person_data.obj : error LNK2005: "public: double __cdecl People::getCreditCard(void)" (?getCreditCard@People@@QEAANXZ) уже определен в Main.obj
Person_data.obj : error LNK2005: "public: double __cdecl People::getDebitCard(void)" (?getDebitCard@People@@QEAANXZ) уже определен в Main.obj
Person_data.obj : error LNK2005: "public: class std::basic_string<char,struct std::char_traits<char>,class std::allocator<char> > __cdecl People::getInfo(void)" (?getInfo@People@@QEAA?AV?$basic_string@DU?$char_traits@D@std@@V?$allocator@D@2@@std@@XZ) уже определен в Main.obj
Person_data.obj : error LNK2005: "public: double __cdecl People::getMoney(void)" (?getMoney@People@@QEAANXZ) уже определен в Main.obj
Person_data.obj : error LNK2005: "public: int __cdecl People::getNamberAccount(void)" (?getNamberAccount@People@@QEAAHXZ) уже определен в Main.obj
Person_data.obj : error LNK2005: "public: class std::basic_string<char,struct std::char_traits<char>,class std::allocator<char> > __cdecl People::getName(void)" (?getName@People@@QEAA?AV?$basic_string@DU?$char_traits@D@std@@V?$allocator@D@2@@std@@XZ) уже определен в Main.obj
Person_data.obj : error LNK2005: "public: int __cdecl People::getPolicy(void)" (?getPolicy@People@@QEAAHXZ) уже определен в Main.obj
Person_data.obj : error LNK2005: "public: int __cdecl People::getSeries(void)" (?getSeries@People@@QEAAHXZ) уже определен в Main.obj
Person_data.obj : error LNK2005: "public: class std::basic_string<char,struct std::char_traits<char>,class std::allocator<char> > __cdecl People::getSurname(void)" (?getSurname@People@@QEAA?AV?$basic_string@DU?$char_traits@D@std@@V?$allocator@D@2@@std@@XZ) уже определен в Main.obj
Person_data.obj : error LNK2005: "public: class std::basic_string<char,struct std::char_traits<char>,class std::allocator<char> > __cdecl People::getTelephone(void)" (?getTelephone@People@@QEAA?AV?$basic_string@DU?$char_traits@D@std@@V?$allocator@D@2@@std@@XZ) уже определен в Main.obj
Person_data.obj : error LNK2005: "int __cdecl namberaccount(class People *,int,int)" (?namberaccount@@YAHPEAVPeople@@HH@Z) уже определен в Main.obj
Person_data.obj : error LNK2005: "int __cdecl namberinsurancepolicy(class People *,int,int)" (?namberinsurancepolicy@@YAHPEAVPeople@@HH@Z) уже определен в Main.obj
Person_data.obj : error LNK2005: "int __cdecl nameimput(class People,int)" (?nameimput@@YAHVPeople@@H@Z) уже определен в Main.obj
Person_data.obj : error LNK2005: "void __cdecl namesearch(class People *,int)" (?namesearch@@YAXPEAVPeople@@H@Z) уже определен в Main.obj
Person_data.obj : error LNK2005: "int __cdecl policyimput(class People,int)" (?policyimput@@YAHVPeople@@H@Z) уже определен в Main.obj
Person_data.obj : error LNK2005: "int __cdecl searchname(class People *,int,class std::basic_string<char,struct std::char_traits<char>,class std::allocator<char> >)" (?searchname@@YAHPEAVPeople@@HV?$basic_string@DU?$char_traits@D@std@@V?$allocator@D@2@@std@@@Z) уже определен в Main.obj
Person_data.obj : error LNK2005: "int __cdecl searchpatronymic(class People *,int,class std::basic_string<char,struct std::char_traits<char>,class std::allocator<char> >,class std::basic_string<char,struct std::char_traits<char>,class std::allocator<char> >,class std::basic_string<char,struct std::char_traits<char>,class std::allocator<char> >)" (?searchpatronymic@@YAHPEAVPeople@@HV?$basic_string@DU?$char_traits@D@std@@V?$allocator@D@2@@std@@11@Z) уже определен в Main.obj
Person_data.obj : error LNK2005: "int __cdecl searchsurname(class People *,int,class std::basic_string<char,struct std::char_traits<char>,class std::allocator<char> >,class std::basic_string<char,struct std::char_traits<char>,class std::allocator<char> >)" (?searchsurname@@YAHPEAVPeople@@HV?$basic_string@DU?$char_traits@D@std@@V?$allocator@D@2@@std@@1@Z) уже определен в Main.obj
Person_data.obj : error LNK2005: "int __cdecl searchtelephone(class People *,int,class std::basic_string<char,struct std::char_traits<char>,class std::allocator<char> >)" (?searchtelephone@@YAHPEAVPeople@@HV?$basic_string@DU?$char_traits@D@std@@V?$allocator@D@2@@std@@@Z) уже определен в Main.obj
Person_data.obj : error LNK2005: "public: void __cdecl People::setAdditionalseries(int)" (?setAdditionalseries@People@@QEAAXH@Z) уже определен в Main.obj
Person_data.obj : error LNK2005: "public: void __cdecl People::setAge(int)" (?setAge@People@@QEAAXH@Z) уже определен в Main.obj
Person_data.obj : error LNK2005: "public: void __cdecl People::setAlphabet(class std::basic_string<char,struct std::char_traits<char>,class std::allocator<char> >)" (?setAlphabet@People@@QEAAXV?$basic_string@DU?$char_traits@D@std@@V?$allocator@D@2@@std@@@Z) уже определен в Main.obj
Person_data.obj : error LNK2005: "public: void __cdecl People::setBloodType(class std::basic_string<char,struct std::char_traits<char>,class std::allocator<char> >)" (?setBloodType@People@@QEAAXV?$basic_string@DU?$char_traits@D@std@@V?$allocator@D@2@@std@@@Z) уже определен в Main.obj
Person_data.obj : error LNK2005: "public: void __cdecl People::setCreditCard(double)" (?setCreditCard@People@@QEAAXN@Z) уже определен в Main.obj
Person_data.obj : error LNK2005: "public: void __cdecl People::setDebitCard(double)" (?setDebitCard@People@@QEAAXN@Z) уже определен в Main.obj
Person_data.obj : error LNK2005: "public: void __cdecl People::setMoney(int)" (?setMoney@People@@QEAAXH@Z) уже определен в Main.obj
Person_data.obj : error LNK2005: "public: void __cdecl People::setNamberAccount(int)" (?setNamberAccount@People@@QEAAXH@Z) уже определен в Main.obj
Person_data.obj : error LNK2005: "public: void __cdecl People::setName(class std::basic_string<char,struct std::char_traits<char>,class std::allocator<char> >)" (?setName@People@@QEAAXV?$basic_string@DU?$char_traits@D@std@@V?$allocator@D@2@@std@@@Z) уже определен в Main.obj
Person_data.obj : error LNK2005: "public: void __cdecl People::setPeople(int)" (?setPeople@People@@QEAAXH@Z) уже определен в Main.obj
Person_data.obj : error LNK2005: "public: void __cdecl People::setPolicy(int)" (?setPolicy@People@@QEAAXH@Z) уже определен в Main.obj
Person_data.obj : error LNK2005: "public: void __cdecl People::setSeries(int)" (?setSeries@People@@QEAAXH@Z) уже определен в Main.obj
Person_data.obj : error LNK2005: "public: void __cdecl People::setSurname(class std::basic_string<char,struct std::char_traits<char>,class std::allocator<char> >)" (?setSurname@People@@QEAAXV?$basic_string@DU?$char_traits@D@std@@V?$allocator@D@2@@std@@@Z) уже определен в Main.obj
Person_data.obj : error LNK2005: "public: void __cdecl People::setTelephone(class std::basic_string<char,struct std::char_traits<char>,class std::allocator<char> >)" (?setTelephone@People@@QEAAXV?$basic_string@DU?$char_traits@D@std@@V?$allocator@D@2@@std@@@Z) уже определен в Main.obj
Person_data.obj : error LNK2005: "int __cdecl telephoneimput(class People,int)" (?telephoneimput@@YAHVPeople@@H@Z) уже определен в Main.obj
Person_data.obj : error LNK2005: "private: static int People::count" (?count@People@@0HA) уже определен в Main.obj
Main.obj : error LNK2019: ссылка на неразрешенный внешний символ "void __cdecl namesearch(class People,int)" (?namesearch@@YAXVPeople@@H@Z) в функции "int __cdecl bankimput(class People,int)" (?bankimput@@YAHVPeople@@H@Z).
Person_data.obj : error LNK2001: неразрешенный внешний символ "void __cdecl namesearch(class People,int)" (?namesearch@@YAXVPeople@@H@Z).
    Указание на символы, которые определены и могут подойти:
      "void __cdecl namesearch(class People *,int)" (?namesearch@@YAXPEAVPeople@@H@Z)
Main.obj : error LNK2019: ссылка на неразрешенный внешний символ "int __cdecl namberaccount(class People,int,int)" (?namberaccount@@YAHVPeople@@HH@Z) в функции "int __cdecl bankimput(class People,int)" (?bankimput@@YAHVPeople@@H@Z).
Person_data.obj : error LNK2001: неразрешенный внешний символ "int __cdecl namberaccount(class People,int,int)" (?namberaccount@@YAHVPeople@@HH@Z).
    Указание на символы, которые определены и могут подойти:
      "int __cdecl namberaccount(class People *,int,int)" (?namberaccount@@YAHPEAVPeople@@HH@Z)
Main.obj : error LNK2019: ссылка на неразрешенный внешний символ "int __cdecl namberinsurancepolicy(class People,int,int)" (?namberinsurancepolicy@@YAHVPeople@@HH@Z) в функции "int __cdecl policyimput(class People,int)" (?policyimput@@YAHVPeople@@H@Z).
Person_data.obj : error LNK2001: неразрешенный внешний символ "int __cdecl namberinsurancepolicy(class People,int,int)" (?namberinsurancepolicy@@YAHVPeople@@HH@Z).
    Указание на символы, которые определены и могут подойти:
      "int __cdecl namberinsurancepolicy(class People *,int,int)" (?namberinsurancepolicy@@YAHPEAVPeople@@HH@Z)
Main.obj : error LNK2019: ссылка на неразрешенный внешний символ "int __cdecl searchtelephone(class People,int,class std::basic_string<char,struct std::char_traits<char>,class std::allocator<char> >)" (?searchtelephone@@YAHVPeople@@HV?$basic_string@DU?$char_traits@D@std@@V?$allocator@D@2@@std@@@Z) в функции "int __cdecl telephoneimput(class People,int)" (?telephoneimput@@YAHVPeople@@H@Z).
Person_data.obj : error LNK2001: неразрешенный внешний символ "int __cdecl searchtelephone(class People,int,class std::basic_string<char,struct std::char_traits<char>,class std::allocator<char> >)" (?searchtelephone@@YAHVPeople@@HV?$basic_string@DU?$char_traits@D@std@@V?$allocator@D@2@@std@@@Z).
    Указание на символы, которые определены и могут подойти:
      "int __cdecl searchtelephone(class People *,int,class std::basic_string<char,struct std::char_traits<char>,class std::allocator<char> >)" (?searchtelephone@@YAHPEAVPeople@@HV?$basic_string@DU?$char_traits@D@std@@V?$allocator@D@2@@std@@@Z)
Main.obj : error LNK2019: ссылка на неразрешенный внешний символ "int __cdecl searchname(class People,int,class std::basic_string<char,struct std::char_traits<char>,class std::allocator<char> >)" (?searchname@@YAHVPeople@@HV?$basic_string@DU?$char_traits@D@std@@V?$allocator@D@2@@std@@@Z) в функции "int __cdecl nameimput(class People,int)" (?nameimput@@YAHVPeople@@H@Z).
Person_data.obj : error LNK2001: неразрешенный внешний символ "int __cdecl searchname(class People,int,class std::basic_string<char,struct std::char_traits<char>,class std::allocator<char> >)" (?searchname@@YAHVPeople@@HV?$basic_string@DU?$char_traits@D@std@@V?$allocator@D@2@@std@@@Z).
    Указание на символы, которые определены и могут подойти:
      "int __cdecl searchname(class People *,int,class std::basic_string<char,struct std::char_traits<char>,class std::allocator<char> >)" (?searchname@@YAHPEAVPeople@@HV?$basic_string@DU?$char_traits@D@std@@V?$allocator@D@2@@std@@@Z)
Main.obj : error LNK2019: ссылка на неразрешенный внешний символ "int __cdecl searchsurname(class People,int,class std::basic_string<char,struct std::char_traits<char>,class std::allocator<char> >,class std::basic_string<char,struct std::char_traits<char>,class std::allocator<char> >)" (?searchsurname@@YAHVPeople@@HV?$basic_string@DU?$char_traits@D@std@@V?$allocator@D@2@@std@@1@Z) в функции "int __cdecl nameimput(class People,int)" (?nameimput@@YAHVPeople@@H@Z).
Person_data.obj : error LNK2001: неразрешенный внешний символ "int __cdecl searchsurname(class People,int,class std::basic_string<char,struct std::char_traits<char>,class std::allocator<char> >,class std::basic_string<char,struct std::char_traits<char>,class std::allocator<char> >)" (?searchsurname@@YAHVPeople@@HV?$basic_string@DU?$char_traits@D@std@@V?$allocator@D@2@@std@@1@Z).
    Указание на символы, которые определены и могут подойти:
      "int __cdecl searchsurname(class People *,int,class std::basic_string<char,struct std::char_traits<char>,class std::allocator<char> >,class std::basic_string<char,struct std::char_traits<char>,class std::allocator<char> >)" (?searchsurname@@YAHPEAVPeople@@HV?$basic_string@DU?$char_traits@D@std@@V?$allocator@D@2@@std@@1@Z)
Main.obj : error LNK2019: ссылка на неразрешенный внешний символ "int __cdecl searchpatronymic(class People,int,class std::basic_string<char,struct std::char_traits<char>,class std::allocator<char> >,class std::basic_string<char,struct std::char_traits<char>,class std::allocator<char> >,class std::basic_string<char,struct std::char_traits<char>,class std::allocator<char> >)" (?searchpatronymic@@YAHVPeople@@HV?$basic_string@DU?$char_traits@D@std@@V?$allocator@D@2@@std@@11@Z) в функции "int __cdecl nameimput(class People,int)" (?nameimput@@YAHVPeople@@H@Z).
Person_data.obj : error LNK2001: неразрешенный внешний символ "int __cdecl searchpatronymic(class People,int,class std::basic_string<char,struct std::char_traits<char>,class std::allocator<char> >,class std::basic_string<char,struct std::char_traits<char>,class std::allocator<char> >,class std::basic_string<char,struct std::char_traits<char>,class std::allocator<char> >)" (?searchpatronymic@@YAHVPeople@@HV?$basic_string@DU?$char_traits@D@std@@V?$allocator@D@2@@std@@11@Z).
    Указание на символы, которые определены и могут подойти:
      "int __cdecl searchpatronymic(class People *,int,class std::basic_string<char,struct std::char_traits<char>,class std::allocator<char> >,class std::basic_string<char,struct std::char_traits<char>,class std::allocator<char> >,class std::basic_string<char,struct std::char_traits<char>,class std::allocator<char> >)" (?searchpatronymic@@YAHPEAVPeople@@HV?$basic_string@DU?$char_traits@D@std@@V?$allocator@D@2@@std@@11@Z)
C:\Users\ILYA\source\repos\CIA-data-shared-with-the-FBI-and-LSPD\x64\Debug\Data for the KGB.exe : fatal error LNK1120: неразрешенных внешних элементов: 7
